This file contains any messages produced by compilers while
running configure, to aid debugging if configure makes a mistake.

It was created by Apertium Hindi configure 0.1.0, which was
generated by GNU Autoconf 2.71.  Invocation command line was

  $ ./configure

## --------- ##
## Platform. ##
## --------- ##

hostname = hiten
uname -m = x86_64
uname -r = 5.19.0-35-generic
uname -s = Linux
uname -v = #36~22.04.1-Ubuntu SMP PREEMPT_DYNAMIC Fri Feb 17 15:17:25 UTC 2

/usr/bin/uname -p = x86_64
/bin/uname -X     = unknown

/bin/arch              = x86_64
/usr/bin/arch -k       = unknown
/usr/convex/getsysinfo = unknown
/usr/bin/hostinfo      = unknown
/bin/machine           = unknown
/usr/bin/oslevel       = unknown
/bin/universe          = unknown

PATH: /home/hiten/.local/bin/
PATH: /usr/local/sbin/
PATH: /usr/local/bin/
PATH: /usr/sbin/
PATH: /usr/bin/
PATH: /sbin/
PATH: /bin/
PATH: /usr/games/
PATH: /usr/local/games/
PATH: /snap/bin/
PATH: /snap/bin/


## ----------- ##
## Core tests. ##
## ----------- ##

configure:1767: looking for aux files: missing install-sh
configure:1780:  trying ./
configure:1809:   ./missing found
configure:1791:   ./install-sh found
configure:1938: checking for a BSD-compatible install
configure:2011: result: /usr/bin/install -c
configure:2022: checking whether build environment is sane
configure:2077: result: yes
configure:2236: checking for a race-free mkdir -p
configure:2280: result: /usr/bin/mkdir -p
configure:2287: checking for gawk
configure:2308: found /usr/bin/gawk
configure:2319: result: gawk
configure:2330: checking whether make sets $(MAKE)
configure:2353: result: yes
configure:2383: checking whether make supports nested variables
configure:2401: result: yes
configure:2606: checking for pkg-config
configure:2629: found /usr/bin/pkg-config
configure:2641: result: /usr/bin/pkg-config
configure:2666: checking pkg-config is at least version 0.9.0
configure:2669: result: yes
configure:2787: checking for apertium >= 3.6.0
configure:2794: $PKG_CONFIG --exists --print-errors "apertium >= 3.6.0"
configure:2797: $? = 0
configure:2811: $PKG_CONFIG --exists --print-errors "apertium >= 3.6.0"
configure:2814: $? = 0
configure:2872: result: yes
configure:2878: checking for lttoolbox >= 3.5.0
configure:2885: $PKG_CONFIG --exists --print-errors "lttoolbox >= 3.5.0"
configure:2888: $? = 0
configure:2902: $PKG_CONFIG --exists --print-errors "lttoolbox >= 3.5.0"
configure:2905: $? = 0
configure:2963: result: yes
configure:2969: checking for cg3 >= 1.3.0
configure:2976: $PKG_CONFIG --exists --print-errors "cg3 >= 1.3.0"
configure:2979: $? = 0
configure:2993: $PKG_CONFIG --exists --print-errors "cg3 >= 1.3.0"
configure:2996: $? = 0
configure:3054: result: yes
configure:3061: checking for apertium-regtest >= 0.0.1
configure:3068: $PKG_CONFIG --exists --print-errors "apertium-regtest >= 0.0.1"
configure:3071: $? = 0
configure:3085: $PKG_CONFIG --exists --print-errors "apertium-regtest >= 0.0.1"
configure:3088: $? = 0
configure:3128: result: yes
configure:3365: checking that generated files are newer than configure
configure:3371: result: done
configure:3383: creating ./config.status

## ---------------------- ##
## Running config.status. ##
## ---------------------- ##

This file was extended by Apertium Hindi config.status 0.1.0, which was
generated by GNU Autoconf 2.71.  Invocation command line was

  CONFIG_FILES    = 
  CONFIG_HEADERS  = 
  CONFIG_LINKS    = 
  CONFIG_COMMANDS = 
  $ ./config.status 

on hiten

config.status:781: creating Makefile
config.status:781: creating apertium-hin.pc

## ---------------- ##
## Cache variables. ##
## ---------------- ##

ac_cv_env_APERTIUM_CFLAGS_set=
ac_cv_env_APERTIUM_CFLAGS_value=
ac_cv_env_APERTIUM_LIBS_set=
ac_cv_env_APERTIUM_LIBS_value=
ac_cv_env_CG3_CFLAGS_set=
ac_cv_env_CG3_CFLAGS_value=
ac_cv_env_CG3_LIBS_set=
ac_cv_env_CG3_LIBS_value=
ac_cv_env_HFSTOSPELL_CFLAGS_set=
ac_cv_env_HFSTOSPELL_CFLAGS_value=
ac_cv_env_HFSTOSPELL_LIBS_set=
ac_cv_env_HFSTOSPELL_LIBS_value=
ac_cv_env_LTTOOLBOX_CFLAGS_set=
ac_cv_env_LTTOOLBOX_CFLAGS_value=
ac_cv_env_LTTOOLBOX_LIBS_set=
ac_cv_env_LTTOOLBOX_LIBS_value=
ac_cv_env_PKG_CONFIG_LIBDIR_set=
ac_cv_env_PKG_CONFIG_LIBDIR_value=
ac_cv_env_PKG_CONFIG_PATH_set=
ac_cv_env_PKG_CONFIG_PATH_value=
ac_cv_env_PKG_CONFIG_set=
ac_cv_env_PKG_CONFIG_value=
ac_cv_env_REGTEST_CFLAGS_set=
ac_cv_env_REGTEST_CFLAGS_value=
ac_cv_env_REGTEST_LIBS_set=
ac_cv_env_REGTEST_LIBS_value=
ac_cv_env_build_alias_set=
ac_cv_env_build_alias_value=
ac_cv_env_host_alias_set=
ac_cv_env_host_alias_value=
ac_cv_env_target_alias_set=
ac_cv_env_target_alias_value=
ac_cv_path_ac_pt_PKG_CONFIG=/usr/bin/pkg-config
ac_cv_path_install='/usr/bin/install -c'
ac_cv_path_mkdir=/usr/bin/mkdir
ac_cv_prog_AWK=gawk
ac_cv_prog_make_make_set=yes
am_cv_make_support_nested_variables=yes
pkg_cv_APERTIUM_CFLAGS=
pkg_cv_APERTIUM_LIBS=-lapertium
pkg_cv_CG3_CFLAGS=-I/usr/include/
pkg_cv_CG3_LIBS=-lcg3
pkg_cv_LTTOOLBOX_CFLAGS=
pkg_cv_LTTOOLBOX_LIBS=-llttoolbox
pkg_cv_REGTEST_CFLAGS=
pkg_cv_REGTEST_LIBS=

## ----------------- ##
## Output variables. ##
## ----------------- ##

ACLOCAL='${SHELL} '\''/home/hiten/Desktop/apertium-hin/missing'\'' aclocal-1.16'
AMTAR='$${TAR-tar}'
AM_BACKSLASH='\'
AM_DEFAULT_V='$(AM_DEFAULT_VERBOSITY)'
AM_DEFAULT_VERBOSITY='1'
AM_V='$(V)'
APERTIUM_CFLAGS=''
APERTIUM_LIBS='-lapertium'
AUTOCONF='${SHELL} '\''/home/hiten/Desktop/apertium-hin/missing'\'' autoconf'
AUTOHEADER='${SHELL} '\''/home/hiten/Desktop/apertium-hin/missing'\'' autoheader'
AUTOMAKE='${SHELL} '\''/home/hiten/Desktop/apertium-hin/missing'\'' automake-1.16'
AWK='gawk'
CG3_CFLAGS='-I/usr/include/'
CG3_LIBS='-lcg3'
CSCOPE='cscope'
CTAGS='ctags'
CYGPATH_W='echo'
DEFS='-DPACKAGE_NAME=\"Apertium\ Hindi\" -DPACKAGE_TARNAME=\"apertium-hin\" -DPACKAGE_VERSION=\"0.1.0\" -DPACKAGE_STRING=\"Apertium\ Hindi\ 0.1.0\" -DPACKAGE_BUGREPORT=\"francis.tyers@gmail.com\" -DPACKAGE_URL=\"\" -DPACKAGE=\"apertium-hin\" -DVERSION=\"0.1.0\"'
ECHO_C=''
ECHO_N='-n'
ECHO_T=''
ETAGS='etags'
HAVE_HFSTOSPELL_FALSE=''
HAVE_HFSTOSPELL_TRUE='#'
HFSTOSPELL_CFLAGS=''
HFSTOSPELL_LIBS=''
INSTALL_DATA='${INSTALL} -m 644'
INSTALL_PROGRAM='${INSTALL}'
INSTALL_SCRIPT='${INSTALL}'
INSTALL_STRIP_PROGRAM='$(install_sh) -c -s'
LIBOBJS=''
LIBS=''
LTLIBOBJS=''
LTTOOLBOX_CFLAGS=''
LTTOOLBOX_LIBS='-llttoolbox'
MAKEINFO='${SHELL} '\''/home/hiten/Desktop/apertium-hin/missing'\'' makeinfo'
MKDIR_P='/usr/bin/mkdir -p'
PACKAGE='apertium-hin'
PACKAGE_BUGREPORT='francis.tyers@gmail.com'
PACKAGE_NAME='Apertium Hindi'
PACKAGE_STRING='Apertium Hindi 0.1.0'
PACKAGE_TARNAME='apertium-hin'
PACKAGE_URL=''
PACKAGE_VERSION='0.1.0'
PATH_SEPARATOR=':'
PKG_CONFIG='/usr/bin/pkg-config'
PKG_CONFIG_LIBDIR=''
PKG_CONFIG_PATH=''
REGTEST_CFLAGS=''
REGTEST_LIBS=''
SET_MAKE=''
SHELL='/bin/bash'
STRIP=''
VERSION='0.1.0'
am__isrc=''
am__leading_dot='.'
am__tar='$${TAR-tar} chof - "$$tardir"'
am__untar='$${TAR-tar} xf -'
bindir='${exec_prefix}/bin'
build_alias=''
datadir='${datarootdir}'
datarootdir='${prefix}/share'
docdir='${datarootdir}/doc/${PACKAGE_TARNAME}'
dvidir='${docdir}'
exec_prefix='${prefix}'
host_alias=''
htmldir='${docdir}'
includedir='${prefix}/include'
infodir='${datarootdir}/info'
install_sh='${SHELL} /home/hiten/Desktop/apertium-hin/install-sh'
libdir='${exec_prefix}/lib'
libexecdir='${exec_prefix}/libexec'
localedir='${datarootdir}/locale'
localstatedir='${prefix}/var'
mandir='${datarootdir}/man'
mkdir_p='$(MKDIR_P)'
oldincludedir='/usr/include'
pdfdir='${docdir}'
prefix='/usr/local'
program_transform_name='s,x,x,'
psdir='${docdir}'
runstatedir='${localstatedir}/run'
sbindir='${exec_prefix}/sbin'
sharedstatedir='${prefix}/com'
sysconfdir='${prefix}/etc'
target_alias=''

## ------------------- ##
## File substitutions. ##
## ------------------- ##

ap_include='./ap_include.am'

## ----------- ##
## confdefs.h. ##
## ----------- ##

/* confdefs.h */
#define PACKAGE_NAME "Apertium Hindi"
#define PACKAGE_TARNAME "apertium-hin"
#define PACKAGE_VERSION "0.1.0"
#define PACKAGE_STRING "Apertium Hindi 0.1.0"
#define PACKAGE_BUGREPORT "francis.tyers@gmail.com"
#define PACKAGE_URL ""
#define PACKAGE "apertium-hin"
#define VERSION "0.1.0"

configure: exit 0
